[debug] [2021-01-12T23:51:36.576Z] ----------------------------------------------------------------------
[debug] [2021-01-12T23:51:36.579Z] Command:       C:\Program Files\nodejs\node.exe C:\Users\pablo\AppData\Roaming\npm\node_modules\firebase-tools\lib\bin\firebase.js init
[debug] [2021-01-12T23:51:36.580Z] CLI Version:   9.2.0
[debug] [2021-01-12T23:51:36.580Z] Platform:      win32
[debug] [2021-01-12T23:51:36.580Z] Node Version:  v12.19.0
[debug] [2021-01-12T23:51:36.582Z] Time:          Tue Jan 12 2021 20:51:36 GMT-0300 (GMT-03:00)
[debug] [2021-01-12T23:51:36.582Z] ----------------------------------------------------------------------
[debug] [2021-01-12T23:51:36.582Z] 
[debug] [2021-01-12T23:51:36.590Z] > command requires scopes: ["email","openid","https://www.googleapis.com/auth/cloudplatformprojects.readonly","https://www.googleapis.com/auth/firebase","https://www.googleapis.com/auth/cloud-platform"]
[debug] [2021-01-12T23:51:36.591Z] > authorizing via signed-in user
[info] 
     ######## #### ########  ######## ########     ###     ######  ########
     ##        ##  ##     ## ##       ##     ##  ##   ##  ##       ##
     ######    ##  ########  ######   ########  #########  ######  ######
     ##        ##  ##    ##  ##       ##     ## ##     ##       ## ##
     ##       #### ##     ## ######## ########  ##     ##  ######  ########

You're about to initialize a Firebase project in this directory:

  C:\Users\pablo\OneDrive\Desktop\Prueba Otto Klaus

[info] 
=== Project Setup
[info] 
[info] First, let's associate this project directory with a Firebase project.
[info] You can create multiple project aliases by running firebase use --add, 
[info] but for now we'll just set up a default project.
[info] 
[debug] [2021-01-12T23:52:25.548Z] >>> [apiv2][query] GET https://firebase.googleapis.com/v1beta1/projects pageSize=100
[debug] [2021-01-12T23:52:26.648Z] <<< [apiv2][status] GET https://firebase.googleapis.com/v1beta1/projects 200
[debug] [2021-01-12T23:52:26.648Z] <<< [apiv2][body] GET https://firebase.googleapis.com/v1beta1/projects [omitted]
